<?xml version="1.0" encoding="UTF-8"?><testsuite errors="0" failures="1" name="Make a hotel reservation" skipped="0" tests="1" time="48.13" timestamp="2019-10-22 12:27:01"><testcase name="Successful search for a hotel reservation from the main Trivago website"><failure message="Expected hotel state&#10;Expected: is &lt;true&gt;&#10;     but: was &lt;false&gt;" type="java.lang.AssertionError">Expected hotel state
Expected: is &lt;true&gt;
     but: was &lt;false&gt;</failure><system-err>Expected hotel state
Expected: is &lt;true&gt;
     but: was &lt;false&gt;&#13;
co.com.accenture.certificacion.trivago.stepdefinitions.SelectHotelStepDefinitions.sheShouldSeeTheStateOfTheHotelExcelenteMuyBuenoOrBueno(SelectHotelStepDefinitions.java:63)&#13;
✽.she should see the state of the hotel: Excelente, muy bueno, or bueno(src/test/resources/features/select_hotel.feature:15)&#13;
</system-err></testcase></testsuite>